# JRE version: Java(TM) SE Runtime Environment (8.0_281-b09) (build 1.8.0_281-b09)
# Java VM: Java HotSpot(TM) 64-Bit Server VM (25.281-b09 mixed mode windows-amd64 compressed oops)
Heap:
 PSYoungGen      total 269824K, used 29872K [0x000000076e100000, 0x000000077fc80000, 0x00000007c0000000)
  eden space 260608K, 11% used [0x000000076e100000,0x000000076fe2c3c8,0x000000077df80000)
  from space 9216K, 0% used [0x000000077f380000,0x000000077f380000,0x000000077fc80000)
  to   space 14848K, 0% used [0x000000077df80000,0x000000077df80000,0x000000077ee00000)
 ParOldGen       total 196608K, used 26481K [0x00000006ca200000, 0x00000006d6200000, 0x000000076e100000)
  object space 196608K, 13% used [0x00000006ca200000,0x00000006cbbdc718,0x00000006d6200000)
 Metaspace       used 58048K, capacity 60980K, committed 61144K, reserved 1101824K
  class space    used 7603K, capacity 8126K, committed 8192K, reserved 1048576K
GC Heap History (10 events):
Event: 6.222 GC heap before
{Heap before GC invocations=11 (full 2):
 PSYoungGen      total 152576K, used 5720K [0x000000076e100000, 0x000000077b900000, 0x00000007c0000000)
  eden space 141312K, 0% used [0x000000076e100000,0x000000076e100000,0x0000000776b00000)
  from space 11264K, 50% used [0x0000000776b00000,0x00000007770961f8,0x0000000777600000)
  to   space 11264K, 0% used [0x000000077ae00000,0x000000077ae00000,0x000000077b900000)
 ParOldGen       total 100864K, used 10475K [0x00000006ca200000, 0x00000006d0480000, 0x000000076e100000)
  object space 100864K, 10% used [0x00000006ca200000,0x00000006cac3aff0,0x00000006d0480000)
 Metaspace       used 33091K, capacity 35430K, committed 35456K, reserved 1079296K
  class space    used 4302K, capacity 4717K, committed 4736K, reserved 1048576K
Event: 6.253 GC heap after
Heap after GC invocations=11 (full 2):
 PSYoungGen      total 152576K, used 0K [0x000000076e100000, 0x000000077b900000, 0x00000007c0000000)
  eden space 141312K, 0% used [0x000000076e100000,0x000000076e100000,0x0000000776b00000)
  from space 11264K, 0% used [0x0000000776b00000,0x0000000776b00000,0x0000000777600000)
  to   space 11264K, 0% used [0x000000077ae00000,0x000000077ae00000,0x000000077b900000)
 ParOldGen       total 136704K, used 12233K [0x00000006ca200000, 0x00000006d2780000, 0x000000076e100000)
  object space 136704K, 8% used [0x00000006ca200000,0x00000006cadf2658,0x00000006d2780000)
 Metaspace       used 33091K, capacity 35430K, committed 35456K, reserved 1079296K
  class space    used 4302K, capacity 4717K, committed 4736K, reserved 1048576K
}
Event: 7.003 GC heap before
{Heap before GC invocations=12 (full 2):
 PSYoungGen      total 152576K, used 141312K [0x000000076e100000, 0x000000077b900000, 0x00000007c0000000)
  eden space 141312K, 100% used [0x000000076e100000,0x0000000776b00000,0x0000000776b00000)
  from space 11264K, 0% used [0x0000000776b00000,0x0000000776b00000,0x0000000777600000)
  to   space 11264K, 0% used [0x000000077ae00000,0x000000077ae00000,0x000000077b900000)
 ParOldGen       total 136704K, used 12233K [0x00000006ca200000, 0x00000006d2780000, 0x000000076e100000)
  object space 136704K, 8% used [0x00000006ca200000,0x00000006cadf2658,0x00000006d2780000)
 Metaspace       used 39119K, capacity 41652K, committed 41856K, reserved 1085440K
  class space    used 5017K, capacity 5468K, committed 5504K, reserved 1048576K
Event: 7.009 GC heap after
Heap after GC invocations=12 (full 2):
 PSYoungGen      total 205824K, used 9509K [0x000000076e100000, 0x000000077b780000, 0x00000007c0000000)
  eden space 196096K, 0% used [0x000000076e100000,0x000000076e100000,0x000000077a080000)
  from space 9728K, 97% used [0x000000077ae00000,0x000000077b749640,0x000000077b780000)
  to   space 11776K, 0% used [0x000000077a080000,0x000000077a080000,0x000000077ac00000)
 ParOldGen       total 136704K, used 12241K [0x00000006ca200000, 0x00000006d2780000, 0x000000076e100000)
  object space 136704K, 8% used [0x00000006ca200000,0x00000006cadf4658,0x00000006d2780000)
 Metaspace       used 39119K, capacity 41652K, committed 41856K, reserved 1085440K
  class space    used 5017K, capacity 5468K, committed 5504K, reserved 1048576K
}
Event: 9.548 GC heap before
{Heap before GC invocations=13 (full 2):
 PSYoungGen      total 205824K, used 205605K [0x000000076e100000, 0x000000077b780000, 0x00000007c0000000)
  eden space 196096K, 100% used [0x000000076e100000,0x000000077a080000,0x000000077a080000)
  from space 9728K, 97% used [0x000000077ae00000,0x000000077b749640,0x000000077b780000)
  to   space 11776K, 0% used [0x000000077a080000,0x000000077a080000,0x000000077ac00000)
 ParOldGen       total 136704K, used 12241K [0x00000006ca200000, 0x00000006d2780000, 0x000000076e100000)
  object space 136704K, 8% used [0x00000006ca200000,0x00000006cadf4658,0x00000006d2780000)
 Metaspace       used 50645K, capacity 53434K, committed 53760K, reserved 1095680K
  class space    used 6615K, capacity 7103K, committed 7168K, reserved 1048576K
Event: 9.558 GC heap after
Heap after GC invocations=13 (full 2):
 PSYoungGen      total 207872K, used 11771K [0x000000076e100000, 0x0000000780280000, 0x00000007c0000000)
  eden space 196096K, 0% used [0x000000076e100000,0x000000076e100000,0x000000077a080000)
  from space 11776K, 99% used [0x000000077a080000,0x000000077abfed28,0x000000077ac00000)
  to   space 15360K, 0% used [0x000000077f380000,0x000000077f380000,0x0000000780280000)
 ParOldGen       total 136704K, used 18384K [0x00000006ca200000, 0x00000006d2780000, 0x000000076e100000)
  object space 136704K, 13% used [0x00000006ca200000,0x00000006cb3f41a8,0x00000006d2780000)
 Metaspace       used 50645K, capacity 53434K, committed 53760K, reserved 1095680K
  class space    used 6615K, capacity 7103K, committed 7168K, reserved 1048576K
}
Event: 11.443 GC heap before
{Heap before GC invocations=14 (full 2):
 PSYoungGen      total 207872K, used 109126K [0x000000076e100000, 0x0000000780280000, 0x00000007c0000000)
  eden space 196096K, 49% used [0x000000076e100000,0x0000000774012de0,0x000000077a080000)
  from space 11776K, 99% used [0x000000077a080000,0x000000077abfed28,0x000000077ac00000)
  to   space 15360K, 0% used [0x000000077f380000,0x000000077f380000,0x0000000780280000)
 ParOldGen       total 136704K, used 18384K [0x00000006ca200000, 0x00000006d2780000, 0x000000076e100000)
  object space 136704K, 13% used [0x00000006ca200000,0x00000006cb3f41a8,0x00000006d2780000)
 Metaspace       used 56164K, capacity 59038K, committed 59096K, reserved 1099776K
  class space    used 7380K, capacity 7915K, committed 7936K, reserved 1048576K
Event: 11.451 GC heap after
Heap after GC invocations=14 (full 2):
 PSYoungGen      total 269824K, used 7829K [0x000000076e100000, 0x000000077fc80000, 0x00000007c0000000)
  eden space 260608K, 0% used [0x000000076e100000,0x000000076e100000,0x000000077df80000)
  from space 9216K, 84% used [0x000000077f380000,0x000000077fb25660,0x000000077fc80000)
  to   space 14848K, 0% used [0x000000077df80000,0x000000077df80000,0x000000077ee00000)
 ParOldGen       total 136704K, used 26718K [0x00000006ca200000, 0x00000006d2780000, 0x000000076e100000)
  object space 136704K, 19% used [0x00000006ca200000,0x00000006cbc179e8,0x00000006d2780000)
 Metaspace       used 56164K, capacity 59038K, committed 59096K, reserved 1099776K
  class space    used 7380K, capacity 7915K, committed 7936K, reserved 1048576K
}
Event: 11.451 GC heap before
{Heap before GC invocations=15 (full 3):
 PSYoungGen      total 269824K, used 7829K [0x000000076e100000, 0x000000077fc80000, 0x00000007c0000000)
  eden space 260608K, 0% used [0x000000076e100000,0x000000076e100000,0x000000077df80000)
  from space 9216K, 84% used [0x000000077f380000,0x000000077fb25660,0x000000077fc80000)
  to   space 14848K, 0% used [0x000000077df80000,0x000000077df80000,0x000000077ee00000)
 ParOldGen       total 136704K, used 26718K [0x00000006ca200000, 0x00000006d2780000, 0x000000076e100000)
  object space 136704K, 19% used [0x00000006ca200000,0x00000006cbc179e8,0x00000006d2780000)
 Metaspace       used 56164K, capacity 59038K, committed 59096K, reserved 1099776K
  class space    used 7380K, capacity 7915K, committed 7936K, reserved 1048576K
Event: 11.568 GC heap after
Heap after GC invocations=15 (full 3):
 PSYoungGen      total 269824K, used 0K [0x000000076e100000, 0x000000077fc80000, 0x00000007c0000000)
  eden space 260608K, 0% used [0x000000076e100000,0x000000076e100000,0x000000077df80000)
  from space 9216K, 0% used [0x000000077f380000,0x000000077f380000,0x000000077fc80000)
  to   space 14848K, 0% used [0x000000077df80000,0x000000077df80000,0x000000077ee00000)
 ParOldGen       total 196608K, used 26481K [0x00000006ca200000, 0x00000006d6200000, 0x000000076e100000)
  object space 196608K, 13% used [0x00000006ca200000,0x00000006cbbdc718,0x00000006d6200000)
 Metaspace       used 56164K, capacity 59038K, committed 59096K, reserved 1099776K
  class space    used 7380K, capacity 7915K, committed 7936K, reserved 1048576K
}

